<?xml version="1.0" encoding="UTF-8"?>
<testng-results ignored="0" total="3" passed="3" failed="0" skipped="0">
  <reporter-output>
  </reporter-output>
  <suite started-at="2023-07-25T19:57:30 IST" name="Default suite" finished-at="2023-07-25T19:58:41 IST" duration-ms="71065">
    <groups>
    </groups>
    <test started-at="2023-07-25T19:57:30 IST" name="Default test" finished-at="2023-07-25T19:58:41 IST" duration-ms="71065">
      <class name="com.actitime.testscript.ActitimeProject">
        <test-method is-config="true" signature="openBrowser()[pri:0, instance:com.actitime.testscript.ActitimeProject@23e84203]" started-at="2023-07-25T19:57:30 IST" name="openBrowser" finished-at="2023-07-25T19:57:34 IST" duration-ms="4373" status="PASS">
          <reporter-output>
          </reporter-output>
        </test-method> <!-- openBrowser -->
        <test-method is-config="true" signature="logIn()[pri:0, instance:com.actitime.testscript.ActitimeProject@23e84203]" started-at="2023-07-25T19:57:34 IST" name="logIn" finished-at="2023-07-25T19:57:48 IST" duration-ms="13966" status="PASS">
          <reporter-output>
          </reporter-output>
        </test-method> <!-- logIn -->
        <test-method signature="customerModule()[pri:0, instance:com.actitime.testscript.ActitimeProject@23e84203]" started-at="2023-07-25T19:57:48 IST" name="customerModule" finished-at="2023-07-25T19:58:03 IST" duration-ms="15148" status="PASS">
          <reporter-output>
          </reporter-output>
        </test-method> <!-- customerModule -->
        <test-method is-config="true" signature="logOut()[pri:0, instance:com.actitime.testscript.ActitimeProject@23e84203]" started-at="2023-07-25T19:58:03 IST" name="logOut" finished-at="2023-07-25T19:58:08 IST" duration-ms="4251" status="PASS">
          <reporter-output>
          </reporter-output>
        </test-method> <!-- logOut -->
        <test-method is-config="true" signature="logIn()[pri:0, instance:com.actitime.testscript.ActitimeProject@23e84203]" started-at="2023-07-25T19:58:08 IST" name="logIn" finished-at="2023-07-25T19:58:11 IST" duration-ms="3357" status="PASS">
          <reporter-output>
          </reporter-output>
        </test-method> <!-- logIn -->
        <test-method signature="projectModule()[pri:0, instance:com.actitime.testscript.ActitimeProject@23e84203]" started-at="2023-07-25T19:58:11 IST" name="projectModule" finished-at="2023-07-25T19:58:21 IST" duration-ms="10568" status="PASS">
          <reporter-output>
          </reporter-output>
        </test-method> <!-- projectModule -->
        <test-method is-config="true" signature="logOut()[pri:0, instance:com.actitime.testscript.ActitimeProject@23e84203]" started-at="2023-07-25T19:58:21 IST" name="logOut" finished-at="2023-07-25T19:58:23 IST" duration-ms="1912" status="PASS">
          <reporter-output>
          </reporter-output>
        </test-method> <!-- logOut -->
        <test-method is-config="true" signature="logIn()[pri:0, instance:com.actitime.testscript.ActitimeProject@23e84203]" started-at="2023-07-25T19:58:23 IST" name="logIn" finished-at="2023-07-25T19:58:26 IST" duration-ms="2731" status="PASS">
          <reporter-output>
          </reporter-output>
        </test-method> <!-- logIn -->
        <test-method signature="taskModule()[pri:0, instance:com.actitime.testscript.ActitimeProject@23e84203]" started-at="2023-07-25T19:58:26 IST" name="taskModule" finished-at="2023-07-25T19:58:36 IST" duration-ms="9763" status="PASS">
          <reporter-output>
          </reporter-output>
        </test-method> <!-- taskModule -->
        <test-method is-config="true" signature="logOut()[pri:0, instance:com.actitime.testscript.ActitimeProject@23e84203]" started-at="2023-07-25T19:58:36 IST" name="logOut" finished-at="2023-07-25T19:58:38 IST" duration-ms="2043" status="PASS">
          <reporter-output>
          </reporter-output>
        </test-method> <!-- logOut -->
        <test-method is-config="true" signature="closeBrowser()[pri:0, instance:com.actitime.testscript.ActitimeProject@23e84203]" started-at="2023-07-25T19:58:38 IST" name="closeBrowser" finished-at="2023-07-25T19:58:41 IST" duration-ms="2842" status="PASS">
          <reporter-output>
          </reporter-output>
        </test-method> <!-- closeBrowser -->
      </class> <!-- com.actitime.testscript.ActitimeProject -->
    </test> <!-- Default test -->
  </suite> <!-- Default suite -->
</testng-results>
