<?xml version="1.0" encoding="UTF-8"?>
<testng-results ignored="0" total="3" passed="3" failed="0" skipped="0">
  <reporter-output>
  </reporter-output>
  <suite started-at="2023-07-25T18:59:36 IST" name="Default suite" finished-at="2023-07-25T19:00:37 IST" duration-ms="60262">
    <groups>
    </groups>
    <test started-at="2023-07-25T18:59:36 IST" name="Default test" finished-at="2023-07-25T19:00:37 IST" duration-ms="60262">
      <class name="com.actitime.testscript.ActitimeProject">
        <test-method is-config="true" signature="openBrowser()[pri:0, instance:com.actitime.testscript.ActitimeProject@23e84203]" started-at="2023-07-25T18:59:36 IST" name="openBrowser" finished-at="2023-07-25T18:59:43 IST" duration-ms="6871" status="PASS">
          <reporter-output>
          </reporter-output>
        </test-method> <!-- openBrowser -->
        <test-method is-config="true" signature="logIn()[pri:0, instance:com.actitime.testscript.ActitimeProject@23e84203]" started-at="2023-07-25T18:59:43 IST" name="logIn" finished-at="2023-07-25T18:59:58 IST" duration-ms="14744" status="PASS">
          <reporter-output>
          </reporter-output>
        </test-method> <!-- logIn -->
        <test-method signature="customerModule()[pri:0, instance:com.actitime.testscript.ActitimeProject@23e84203]" started-at="2023-07-25T18:59:58 IST" name="customerModule" finished-at="2023-07-25T19:00:09 IST" duration-ms="10887" status="PASS">
          <reporter-output>
          </reporter-output>
        </test-method> <!-- customerModule -->
        <test-method is-config="true" signature="logOut()[pri:0, instance:com.actitime.testscript.ActitimeProject@23e84203]" started-at="2023-07-25T19:00:09 IST" name="logOut" finished-at="2023-07-25T19:00:12 IST" duration-ms="2864" status="PASS">
          <reporter-output>
          </reporter-output>
        </test-method> <!-- logOut -->
        <test-method is-config="true" signature="logIn()[pri:0, instance:com.actitime.testscript.ActitimeProject@23e84203]" started-at="2023-07-25T19:00:12 IST" name="logIn" finished-at="2023-07-25T19:00:14 IST" duration-ms="2068" status="PASS">
          <reporter-output>
          </reporter-output>
        </test-method> <!-- logIn -->
        <test-method signature="projectModule()[pri:0, instance:com.actitime.testscript.ActitimeProject@23e84203]" started-at="2023-07-25T19:00:14 IST" name="projectModule" finished-at="2023-07-25T19:00:22 IST" duration-ms="8371" status="PASS">
          <reporter-output>
          </reporter-output>
        </test-method> <!-- projectModule -->
        <test-method is-config="true" signature="logOut()[pri:0, instance:com.actitime.testscript.ActitimeProject@23e84203]" started-at="2023-07-25T19:00:22 IST" name="logOut" finished-at="2023-07-25T19:00:25 IST" duration-ms="2332" status="PASS">
          <reporter-output>
          </reporter-output>
        </test-method> <!-- logOut -->
        <test-method is-config="true" signature="logIn()[pri:0, instance:com.actitime.testscript.ActitimeProject@23e84203]" started-at="2023-07-25T19:00:25 IST" name="logIn" finished-at="2023-07-25T19:00:27 IST" duration-ms="2072" status="PASS">
          <reporter-output>
          </reporter-output>
        </test-method> <!-- logIn -->
        <test-method signature="taskModule()[pri:0, instance:com.actitime.testscript.ActitimeProject@23e84203]" started-at="2023-07-25T19:00:27 IST" name="taskModule" finished-at="2023-07-25T19:00:34 IST" duration-ms="7349" status="PASS">
          <reporter-output>
          </reporter-output>
        </test-method> <!-- taskModule -->
        <test-method is-config="true" signature="logOut()[pri:0, instance:com.actitime.testscript.ActitimeProject@23e84203]" started-at="2023-07-25T19:00:34 IST" name="logOut" finished-at="2023-07-25T19:00:36 IST" duration-ms="1993" status="PASS">
          <reporter-output>
          </reporter-output>
        </test-method> <!-- logOut -->
        <test-method is-config="true" signature="closeBrowser()[pri:0, instance:com.actitime.testscript.ActitimeProject@23e84203]" started-at="2023-07-25T19:00:36 IST" name="closeBrowser" finished-at="2023-07-25T19:00:37 IST" duration-ms="613" status="PASS">
          <reporter-output>
          </reporter-output>
        </test-method> <!-- closeBrowser -->
      </class> <!-- com.actitime.testscript.ActitimeProject -->
    </test> <!-- Default test -->
  </suite> <!-- Default suite -->
</testng-results>
