<?xml version="1.0" encoding="UTF-8"?>
<!-- Generated by org.testng.reporters.JUnitXMLReporter -->
<testsuite ignored="0" hostname="DESKTOP-HIPIDNQ" failures="0" tests="3" name="Default test" time="60.262" errors="0" timestamp="2023-07-25T19:00:37 IST">
  <testcase classname="com.actitime.testscript.ActitimeProject" name="customerModule" time="10.887"/>
  <testcase classname="com.actitime.testscript.ActitimeProject" name="projectModule" time="8.371"/>
  <testcase classname="com.actitime.testscript.ActitimeProject" name="taskModule" time="7.349"/>
</testsuite> <!-- Default test -->
