<?xml version="1.0" encoding="UTF-8"?>
<!-- Generated by org.testng.reporters.JUnitXMLReporter -->
<testsuite ignored="0" hostname="DESKTOP-HIPIDNQ" failures="0" tests="3" name="Default test" time="71.065" errors="0" timestamp="2023-07-25T19:58:41 IST">
  <testcase classname="com.actitime.testscript.ActitimeProject" name="customerModule" time="15.148"/>
  <testcase classname="com.actitime.testscript.ActitimeProject" name="projectModule" time="10.568"/>
  <testcase classname="com.actitime.testscript.ActitimeProject" name="taskModule" time="9.763"/>
</testsuite> <!-- Default test -->
